app/build/outputs/mapping/release/configuration.txt
# The proguard configuration file for the following section is default_proguard_files\global\proguard-android-optimize.txt-8.1.0
# This is a configuration file for ProGuard.
# http://proguard.sourceforge.net/index.html#manual/usage.html
#
# Starting with version 2.2 of the Android plugin for Gradle, this file is distributed together with
# the plugin and unpacked at build-time. The files in $ANDROID_HOME are no longer maintained and
# will be ignored by new version of the Android plugin for Gradle.

# Optimizations: If you don't want to optimize, use the proguard-android.txt configuration file
# instead of this one, which turns off the optimization flags.
# Adding optimization introduces certain risks, since for example not all optimizations performed by
# ProGuard works on all versions of Dalvik.  The following flags turn off various optimizations
# known to have issues, but the list may not be complete or up to date. (The "arithmetic"
# optimization can be used if you are only targeting Android 2.0 or later.)  Make sure you test
# thoroughly if you go this route.
-optimizations !code/simplification/arithmetic,!code/simplification/cast,!field/*,!class/merging/*
-optimizationpasses 5
-allowaccessmodification

-dontusemixedcaseclassnames
-dontskipnonpubliclibraryclasses
-verbose

# Preserve some attributes that may be required for reflection.
-keepattributes AnnotationDefault,
                EnclosingMethod,
                InnerClasses,
                RuntimeVisibleAnnotations,
                RuntimeVisibleParameterAnnotations,
                RuntimeVisibleTypeAnnotations,
                Signature

-keep public class com.google.vending.licensing.ILicensingService
-keep public class com.android.vending.licensing.ILicensingService
-keep public class com.google.android.vending.licensing.ILicensingService
-dontnote com.android.vending.licensing.ILicensingService
-dontnote com.google.vending.licensing.ILicensingService
-dontnote com.google.android.vending.licensing.ILicensingService

# For native methods, see http://proguard.sourceforge.net/manual/examples.html#native
-keepclasseswithmembernames,includedescriptorclasses class * {
    native <methods>;
}

# Keep setters in Views so that animations can still work.
-keepclassmembers public class * extends android.view.View {
    void set*(***);
    *** get*();
}

# We want to keep methods in Activity that could be used in the XML attribute onClick.
-keepclassmembers class * extends android.app.Activity {
    public void *(android.view.View);
}

# For enumeration classes, see http://proguard.sourceforge.net/manual/examples.html#enumerations
-keepclassmembers enum * {
    public static **[] values();
    public static ** valueOf(java.lang.String);
}

-keepclassmembers class * implements android.os.Parcelable {
    public static final ** CREATOR;
}

# Preserve annotated Javascript interface methods.
-keepclassmembers class * {
    @android.webkit.JavascriptInterface <methods>;
}

# The support libraries contains references to newer platform versions.
# Don't warn about those in case this app is linking against an older
# platform version. We know about them, and they are safe.
-dontnote android.support.**
-dontnote androidx.**
-dontwarn android.support.**
-dontwarn androidx.**

# This class is deprecated, but remains for backward compatibility.
-dontwarn android.util.FloatMath

# Understand the @Keep support annotation.
-keep class android.support.annotation.Keep
-keep class androidx.annotation.Keep

-keep @android.support.annotation.Keep class * {*;}
-keep @androidx.annotation.Keep class * {*;}

-keepclasseswithmembers class * {
    @android.support.annotation.Keep <methods>;
}

-keepclasseswithmembers class * {
    @androidx.annotation.Keep <methods>;
}

-keepclasseswithmembers class * {
    @android.support.annotation.Keep <fields>;
}

-keepclasseswithmembers class * {
    @androidx.annotation.Keep <fields>;
}

-keepclasseswithmembers class * {
    @android.support.annotation.Keep <init>(...);
}

-keepclasseswithmembers class * {
    @androidx.annotation.Keep <init>(...);
}

# These classes are duplicated between android.jar and org.apache.http.legacy.jar.
-dontnote org.apache.http.**
-dontnote android.net.http.**

# These classes are duplicated between android.jar and core-lambda-stubs.jar.
-dontnote java.lang.invoke.**

# End of content from default_proguard_files\global\proguard-android-optimize.txt-8.1.0
# The proguard configuration file for the following section is weatherapp\app\proguard-rules.pro
# Add project specific ProGuard rules here.
# You can control the set of applied configuration files using the
# proguardFiles setting in build.gradle.
#
# For more details, see
#   http://developer.android.com/guide/developing/tools/proguard.html

# If your project uses WebView with JS, uncomment the following
# and specify the fully qualified class name to the JavaScript interface
# class:
#-keepclassmembers class fqcn.of.javascript.interface.for.webview {
#   public *;
#}

# Uncomment this to preserve the line number information for
# debugging stack traces.
#-keepattributes SourceFile,LineNumberTable

# If you keep the line number information, uncomment this to
# hide the original source file name.
#-renamesourcefileattribute SourceFile
# End of content from weatherapp\app\proguard-rules.pro
# The proguard configuration file for the following section is aapt_proguard_file\release\aapt_rules.txt
-keep class androidx.core.app.CoreComponentFactory { <init>(); }
-keep class androidx.profileinstaller.ProfileInstallReceiver { <init>(); }
-keep class androidx.room.MultiInstanceInvalidationService { <init>(); }
-keep class androidx.startup.InitializationProvider { <init>(); }
-keep class androidx.work.impl.background.systemalarm.ConstraintProxy$BatteryChargingProxy { <init>(); }
-keep class androidx.work.impl.background.systemalarm.ConstraintProxy$BatteryNotLowProxy { <init>(); }
-keep class androidx.work.impl.background.systemalarm.ConstraintProxy$NetworkStateProxy { <init>(); }
-keep class androidx.work.impl.background.systemalarm.ConstraintProxy$StorageNotLowProxy { <init>(); }
-keep class androidx.work.impl.background.systemalarm.ConstraintProxyUpdateReceiver { <init>(); }
-keep class androidx.work.impl.background.systemalarm.RescheduleReceiver { <init>(); }
-keep class androidx.work.impl.background.systemalarm.SystemAlarmService { <init>(); }
-keep class androidx.work.impl.background.systemjob.SystemJobService { <init>(); }
-keep class androidx.work.impl.diagnostics.DiagnosticsReceiver { <init>(); }
-keep class androidx.work.impl.foreground.SystemForegroundService { <init>(); }
-keep class androidx.work.impl.utils.ForceStopRunnable$BroadcastReceiver { <init>(); }
-keep class com.example.weatherproject.MainActivity { <init>(); }
-keep class com.example.weatherproject.receiver.AlarmReceiver { <init>(); }
-keep class com.google.android.gms.common.api.GoogleApiActivity { <init>(); }
-keep class androidx.media3.ui.AspectRatioFrameLayout { <init>(android.content.Context, android.util.AttributeSet); }

-keep class androidx.media3.ui.SubtitleView { <init>(android.content.Context, android.util.AttributeSet); }

-keep class androidx.media3.ui.TrackSelectionView { <init>(android.content.Context, android.util.AttributeSet); }

-keep class androidx.recyclerview.widget.RecyclerView { <init>(android.content.Context, android.util.AttributeSet); }


# End of content from aapt_proguard_file\release\aapt_rules.txt
# The proguard configuration file for the following section is transformed\room-runtime-2.6.1\proguard.txt
-keep class * extends androidx.room.RoomDatabase
-dontwarn androidx.room.paging.**
-dontwarn androidx.lifecycle.LiveData

# End of content from transformed\room-runtime-2.6.1\proguard.txt
# The proguard configuration file for the following section is transformed\work-runtime-2.9.0\proguard.txt
-keep class * extends androidx.work.Worker
-keep class * extends androidx.work.InputMerger
# Keep all constructors on ListenableWorker, Worker
-keep public class * extends androidx.work.ListenableWorker {
    public <init>(...);
}
# We need to keep WorkerParameters for the ListenableWorker constructor
-keep class androidx.work.WorkerParameters

# End of content from transformed\work-runtime-2.9.0\proguard.txt
# The proguard configuration file for the following section is transformed\media3-ui-1.3.1\proguard.txt
# Proguard rules specific to the UI module.

# Constructor method accessed via reflection in PlayerView
-dontnote androidx.media3.exoplayer.video.spherical.SphericalGLSurfaceView
-keepclassmembers class androidx.media3.exoplayer.video.spherical.SphericalGLSurfaceView {
  <init>(android.content.Context);
}
-dontnote androidx.media3.exoplayer.video.VideoDecoderGLSurfaceView
-keepclassmembers class androidx.media3.exoplayer.video.VideoDecoderGLSurfaceView {
  <init>(android.content.Context);
}

# Constructor method accessed via reflection in TrackSelectionDialogBuilder
-dontnote androidx.appcompat.app.AlertDialog.Builder
-keepclassmembers class androidx.appcompat.app.AlertDialog$Builder {
  <init>(android.content.Context, int);
  public android.content.Context getContext();
  public androidx.appcompat.app.AlertDialog$Builder setTitle(java.lang.CharSequence);
  public androidx.appcompat.app.AlertDialog$Builder setView(android.view.View);
  public androidx.appcompat.app.AlertDialog$Builder setPositiveButton(int, android.content.DialogInterface$OnClickListener);
  public androidx.appcompat.app.AlertDialog$Builder setNegativeButton(int, android.content.DialogInterface$OnClickListener);
  public androidx.appcompat.app.AlertDialog create();
}
# Equivalent methods needed when the library is de-jetified.
-dontnote android.support.v7.app.AlertDialog.Builder
-keepclassmembers class android.support.v7.app.AlertDialog$Builder {
  <init>(android.content.Context, int);
  public android.content.Context getContext();
  public android.support.v7.app.AlertDialog$Builder setTitle(java.lang.CharSequence);
  public android.support.v7.app.AlertDialog$Builder setView(android.view.View);
  public android.support.v7.app.AlertDialog$Builder setPositiveButton(int, android.content.DialogInterface$OnClickListener);
  public android.support.v7.app.AlertDialog$Builder setNegativeButton(int, android.content.DialogInterface$OnClickListener);
  public android.support.v7.app.AlertDialog create();
}

# Don't warn about checkerframework and Kotlin annotations
-dontwarn org.checkerframework.**
-dontwarn kotlin.annotations.jvm.**
-dontwarn javax.annotation.**

# End of content from transformed\media3-ui-1.3.1\proguard.txt
# The proguard configuration file for the following section is transformed\media3-extractor-1.3.1\proguard.txt
# Proguard rules specific to the extractor module.

# Methods accessed via reflection in DefaultExtractorsFactory
-dontnote androidx.media3.decoder.flac.FlacExtractor
-keepclassmembers class androidx.media3.decoder.flac.FlacExtractor {
  <init>(int);
}
-dontnote androidx.media3.decoder.flac.FlacLibrary
-keepclassmembers class androidx.media3.decoder.flac.FlacLibrary {
  public static boolean isAvailable();
}
-dontnote androidx.media3.decoder.midi.MidiExtractor
-keepclassmembers class androidx.media3.decoder.midi.MidiExtractor {
  <init>();
}

# Don't warn about checkerframework and Kotlin annotations
-dontwarn org.checkerframework.**
-dontwarn kotlin.annotations.jvm.**
-dontwarn javax.annotation.**

# End of content from transformed\media3-extractor-1.3.1\proguard.txt
# The proguard configuration file for the following section is transformed\media3-datasource-1.3.1\proguard.txt
# Proguard rules specific to the DataSource module.

# Constant folding for resource integers may mean that a resource passed to this method appears to be unused. Keep the method to prevent this from happening.
-keepclassmembers class androidx.media3.datasource.RawResourceDataSource {
  public static android.net.Uri buildRawResourceUri(int);
}

# Constructors accessed via reflection in DefaultDataSource
-dontnote androidx.media3.datasource.rtmp.RtmpDataSource
-keepclassmembers class androidx.media3.datasource.rtmp.RtmpDataSource {
  <init>();
}

# End of content from transformed\media3-datasource-1.3.1\proguard.txt
# The proguard configuration file for the following section is transformed\media3-common-1.3.1\proguard.txt
# Proguard rules specific to the common module.

# Don't warn about checkerframework and Kotlin annotations
-dontwarn org.checkerframework.**
-dontwarn kotlin.annotations.jvm.**
-dontwarn javax.annotation.**

# From https://github.com/google/guava/wiki/UsingProGuardWithGuava
-dontwarn java.lang.ClassValue
-dontwarn java.lang.SafeVarargs
-dontwarn javax.lang.model.element.Modifier
-dontwarn sun.misc.Unsafe

# Don't warn about Guava's compile-only dependencies.
# These lines are needed for ProGuard but not R8.
-dontwarn com.google.errorprone.annotations.**
-dontwarn com.google.j2objc.annotations.**
-dontwarn org.codehaus.mojo.animal_sniffer.IgnoreJRERequirement

# Workaround for https://issuetracker.google.com/issues/112297269
# This is needed for ProGuard but not R8.
-keepclassmembernames class com.google.common.base.Function { *; }

# End of content from transformed\media3-common-1.3.1\proguard.txt
# The proguard configuration file for the following section is transformed\media3-exoplayer-1.3.1\proguard.txt
# Proguard rules specific to the core module.

# Constructors accessed via reflection in DefaultRenderersFactory
-dontnote androidx.media3.decoder.vp9.LibvpxVideoRenderer
-keepclassmembers class androidx.media3.decoder.vp9.LibvpxVideoRenderer {
  <init>(long, android.os.Handler, androidx.media3.exoplayer.video.VideoRendererEventListener, int);
}
-dontnote androidx.media3.decoder.av1.Libgav1VideoRenderer
-keepclassmembers class androidx.media3.decoder.av1.Libgav1VideoRenderer {
  <init>(long, android.os.Handler, androidx.media3.exoplayer.video.VideoRendererEventListener, int);
}
-dontnote androidx.media3.decoder.ffmpeg.ExperimentalFfmpegVideoRenderer
-keepclassmembers class androidx.media3.decoder.ffmpeg.ExperimentalFfmpegVideoRenderer {
  <init>(long, android.os.Handler, androidx.media3.exoplayer.video.VideoRendererEventListener, int);
}
-dontnote androidx.media3.decoder.opus.LibopusAudioRenderer
-keepclassmembers class androidx.media3.decoder.opus.LibopusAudioRenderer {
  <init>(android.os.Handler, androidx.media3.exoplayer.audio.AudioRendererEventListener, androidx.media3.exoplayer.audio.AudioSink);
}
-dontnote androidx.media3.decoder.flac.LibflacAudioRenderer
-keepclassmembers class androidx.media3.decoder.flac.LibflacAudioRenderer {
  <init>(android.os.Handler, androidx.media3.exoplayer.audio.AudioRendererEventListener, androidx.media3.exoplayer.audio.AudioSink);
}
-dontnote androidx.media3.decoder.ffmpeg.FfmpegAudioRenderer
-keepclassmembers class androidx.media3.decoder.ffmpeg.FfmpegAudioRenderer {
  <init>(android.os.Handler, androidx.media3.exoplayer.audio.AudioRendererEventListener, androidx.media3.exoplayer.audio.AudioSink);
}
-dontnote androidx.media3.decoder.midi.MidiRenderer
-keepclassmembers class androidx.media3.decoder.midi.MidiRenderer {
  <init>(android.content.Context);
}

# Constructors accessed via reflection in DefaultDownloaderFactory
-dontnote androidx.media3.exoplayer.dash.offline.DashDownloader
-keepclassmembers class androidx.media3.exoplayer.dash.offline.DashDownloader {
  <init>(androidx.media3.common.MediaItem, androidx.media3.datasource.cache.CacheDataSource$Factory, java.util.concurrent.Executor);
}
-dontnote androidx.media3.exoplayer.hls.offline.HlsDownloader
-keepclassmembers class androidx.media3.exoplayer.hls.offline.HlsDownloader {
  <init>(androidx.media3.common.MediaItem, androidx.media3.datasource.cache.CacheDataSource$Factory, java.util.concurrent.Executor);
}
-dontnote androidx.media3.exoplayer.smoothstreaming.offline.SsDownloader
-keepclassmembers class androidx.media3.exoplayer.smoothstreaming.offline.SsDownloader {
  <init>(androidx.media3.common.MediaItem, androidx.media3.datasource.cache.CacheDataSource$Factory, java.util.concurrent.Executor);
}

# Constructors accessed via reflection in DefaultMediaSourceFactory
-dontnote androidx.media3.exoplayer.dash.DashMediaSource$Factory
-keepclasseswithmembers class androidx.media3.exoplayer.dash.DashMediaSource$Factory {
  <init>(androidx.media3.datasource.DataSource$Factory);
}
-dontnote androidx.media3.exoplayer.hls.HlsMediaSource$Factory
-keepclasseswithmembers class androidx.media3.exoplayer.hls.HlsMediaSource$Factory {
  <init>(androidx.media3.datasource.DataSource$Factory);
}
-dontnote androidx.media3.exoplayer.smoothstreaming.SsMediaSource$Factory
-keepclasseswithmembers class androidx.media3.exoplayer.smoothstreaming.SsMediaSource$Factory {
  <init>(androidx.media3.datasource.DataSource$Factory);
}
-dontnote androidx.media3.exoplayer.rtsp.RtspMediaSource$Factory
-keepclasseswithmembers class androidx.media3.exoplayer.rtsp.RtspMediaSource$Factory {
  <init>();
}

# Constructors and methods accessed via reflection in CompositingVideoSinkProvider
-dontnote androidx.media3.effect.PreviewingSingleInputVideoGraph$Factory
-keepclasseswithmembers class androidx.media3.effect.PreviewingSingleInputVideoGraph$Factory {
  <init>(androidx.media3.common.VideoFrameProcessor$Factory);
}
-dontnote androidx.media3.effect.DefaultVideoFrameProcessor$Factory$Builder
-keepclasseswithmembers class androidx.media3.effect.DefaultVideoFrameProcessor$Factory$Builder {
  androidx.media3.effect.DefaultVideoFrameProcessor$Factory build();
}

# End of content from transformed\media3-exoplayer-1.3.1\proguard.txt
# The proguard configuration file for the following section is transformed\play-services-base-18.5.0\proguard.txt
# b/35135904 Ensure that proguard will not strip the mResultGuardian.
-keepclassmembers class com.google.android.gms.common.api.internal.BasePendingResult {
  com.google.android.gms.common.api.internal.BasePendingResult$ReleasableResultGuardian mResultGuardian;
}



# End of content from transformed\play-services-base-18.5.0\proguard.txt
# The proguard configuration file for the following section is transformed\play-services-tasks-18.2.0\proguard.txt


# End of content from transformed\play-services-tasks-18.2.0\proguard.txt
# The proguard configuration file for the following section is transformed\play-services-basement-18.4.0\proguard.txt
# Needed when building against pre-Marshmallow SDK.
-dontwarn android.security.NetworkSecurityPolicy

# Needed when building against Marshmallow SDK.
-dontwarn android.app.Notification

# Protobuf has references not on the Android boot classpath
-dontwarn sun.misc.Unsafe
-dontwarn libcore.io.Memory

# Annotations used during internal SDK shrinking.
-dontwarn com.google.android.apps.common.proguard.UsedBy*
-dontwarn com.google.android.apps.common.proguard.SideEffectFree

# Annotations referenced by the SDK but whose definitions are contained in
# non-required dependencies.
-dontwarn javax.annotation.**
-dontwarn org.checkerframework.**
-dontwarn com.google.errorprone.annotations.**
-dontwarn org.jspecify.nullness.NullMarked

# Annotations no longer exist. Suppression prevents ProGuard failures in
# SDKs which depend on earlier versions of play-services-basement.
-dontwarn com.google.android.gms.common.util.VisibleForTesting

# Proguard flags for consumers of the Google Play services SDK
# https://developers.google.com/android/guides/setup#add_google_play_services_to_your_project

# Keep SafeParcelable NULL value, needed for reflection by DowngradeableSafeParcel
-keepclassmembers public class com.google.android.gms.common.internal.safeparcel.SafeParcelable {
    public static final *** NULL;
}

# Needed for Parcelable/SafeParcelable classes & their creators to not get renamed, as they are
# found via reflection.
-keep class com.google.android.gms.common.internal.ReflectedParcelable
-keepnames class * implements com.google.android.gms.common.internal.ReflectedParcelable