app/build/outputs/mapping/release/seeds.txt
com.example.weatherproject.data.local.AppDatabase_Impl
com.example.weatherproject.receiver.AlarmReceiver
com.example.weatherproject.network.WeatherApiService
com.example.weatherproject.MainActivity
com.example.weatherproject.worker.WeatherUpdateWorker
com.example.weatherproject.data.local.AppDatabase
com.example.weatherproject.ui.SearchViewModel: SearchViewModel(android.app.Application)
com.example.weatherproject.data.local.AppDatabase_Impl: AppDatabase_Impl()
com.example.weatherproject.receiver.AlarmReceiver: AlarmReceiver()
com.example.weatherproject.network.WeatherApiService: java.lang.Object getNearbyCctv(double,double,kotlin.coroutines.Continuation)
com.example.weatherproject.data.local.AppDatabase: AppDatabase()
com.example.weatherproject.ui.CctvViewModel: CctvViewModel(android.app.Application)
com.example.weatherproject.worker.WeatherUpdateWorker: WeatherUpdateWorker(android.content.Context,androidx.work.WorkerParameters)
com.example.weatherproject.network.WeatherApiService: java.lang.Object getCurrentWeather(int,int,kotlin.coroutines.Continuation)
com.example.weatherproject.ui.MainViewModel: MainViewModel(android.app.Application)
com.example.weatherproject.network.WeatherApiService: java.lang.Object getWeeklyForecast(int,int,kotlin.coroutines.Continuation)
com.example.weatherproject.MainActivity: MainActivity()
com.example.weatherproject.network.WeatherApiService: java.lang.Object getHourlyForecast(int,int,kotlin.coroutines.Continuation)
com.example.weatherproject.ui.AlarmViewModel: AlarmViewModel(android.app.Application)
...
kotlinx.coroutines.channels.BufferedChannel: java.lang.Object _closeCause
com.google.android.gms.internal.location.zze: android.os.Parcelable$Creator CREATOR
com.google.android.gms.location.LocationAvailability: android.os.Parcelable$Creator CREATOR
androidx.recyclerview.widget.StaggeredGridLayoutManager$SavedState: android.os.Parcelable$Creator CREATOR
com.google.android.gms.internal.location.zzl: android.os.Parcelable$Creator CREATOR
com.google.android.gms.common.internal.MethodInvocation: android.os.Parcelable$Creator CREATOR
com.google.android.gms.auth.api.signin.GoogleSignInAccount: android.os.Parcelable$Creator CREATOR
androidx.media3.extractor.metadata.id3.ChapterTocFrame: android.os.Parcelable$Creator CREATOR
androidx.media3.common.DrmInitData$SchemeData: android.os.Parcelable$Creator CREATOR
android.support.v4.media.session.PlaybackStateCompat: android.os.Parcelable$Creator CREATOR
androidx.media3.common.Metadata: android.os.Parcelable$Creator CREATOR
androidx.concurrent.futures.AbstractResolvableFuture$Waiter: androidx.concurrent.futures.AbstractResolvableFuture$Waiter next
androidx.lifecycle.Lifecycle$Event: androidx.lifecycle.Lifecycle$Event[] $VALUES
androidx.media3.extractor.metadata.mp4.SmtaMetadataEntry: android.os.Parcelable$Creator CREATOR
kotlin.SafePublicationLazyImpl: java.lang.Object _value
androidx.media3.extractor.metadata.id3.PrivFrame: android.os.Parcelable$Creator CREATOR
androidx.lifecycle.Lifecycle$Event: androidx.lifecycle.Lifecycle$Event ON_ANY
kotlinx.coroutines.internal.LockFreeTaskQueue: java.lang.Object _cur
kotlinx.coroutines.EventLoopImplBase: java.lang.Object _delayed
kotlinx.coroutines.channels.BufferedChannel: long bufferEnd
androidx.media3.extractor.metadata.dvbsi.AppInfoTable: android.os.Parcelable$Creator CREATOR
kotlinx.coroutines.EventLoopImplBase$DelayedTask: java.lang.Object _heap
androidx.media3.extractor.metadata.vorbis.VorbisComment: android.os.Parcelable$Creator CREATOR
com.google.android.gms.location.LastLocationRequest: android.os.Parcelable$Creator CREATOR
androidx.media3.extractor.metadata.flac.PictureFrame: android.os.Parcelable$Creator CREATOR
kotlinx.coroutines.internal.LockFreeTaskQueueCore: java.lang.Object _next
android.support.v4.media.session.MediaSessionCompat$Token: android.os.Parcelable$Creator CREATOR
kotlinx.coroutines.scheduling.WorkQueue: java.lang.Object lastScheduledTask
kotlinx.coroutines.scheduling.CoroutineScheduler$Worker: java.lang.Object nextParkedWorker
kotlinx.coroutines.android.AndroidExceptionPreHandler: java.lang.Object _preHandler
androidx.media3.extractor.metadata.id3.CommentFrame: android.os.Parcelable$Creator CREATOR
kotlinx.coroutines.android.HandlerDispatcherKt: android.view.Choreographer choreographer
com.google.android.gms.common.internal.TelemetryData: android.os.Parcelable$Creator CREATOR
androidx.media3.common.DrmInitData: android.os.Parcelable$Creator CREATOR
kotlinx.coroutines.sync.SemaphoreImpl: int _availablePermits
kotlinx.coroutines.channels.BufferedChannel: java.lang.Object closeHandler
com.google.android.gms.common.internal.RootTelemetryConfiguration: android.os.Parcelable$Creator CREATOR
androidx.media3.extractor.metadata.scte35.PrivateCommand: android.os.Parcelable$Creator CREATOR
kotlinx.coroutines.UndispatchedCoroutine: boolean threadLocalIsSet
androidx.lifecycle.Lifecycle$Event: androidx.lifecycle.Lifecycle$Event ON_PAUSE
kotlinx.coroutines.internal.ThreadSafeHeap: int _size
androidx.compose.ui.platform.AbstractComposeView: void getDisposeViewCompositionStrategy$annotations()
androidx.profileinstaller.ProfileInstallerInitializer$Choreographer16Impl: void postFrameCallback(java.lang.Runnable)
androidx.compose.ui.viewinterop.AndroidViewHolder: void setReset(kotlin.jvm.functions.Function0)
androidx.compose.ui.platform.AndroidComposeView: void setShowLayoutBounds(boolean)